Determining if the pthread_create exist failed with the following output:
Change Dir: /home/ubuntu/Workspace/catkin_ws/build/CMakeFiles/CMakeTmp

Run Build Command:"/usr/bin/make" "cmTC_832eb/fast"
/usr/bin/make -f CMakeFiles/cmTC_832eb.dir/build.make CMakeFiles/cmTC_832eb.dir/build
make[1]: Entering directory '/home/ubuntu/Workspace/catkin_ws/build/CMakeFiles/CMakeTmp'
Building C object CMakeFiles/cmTC_832eb.dir/CheckSymbolExists.c.o
/usr/bin/cc     -o CMakeFiles/cmTC_832eb.dir/CheckSymbolExists.c.o   -c /home/ubuntu/Workspace/catkin_ws/build/CMakeFiles/CMakeTmp/CheckSymbolExists.c
Linking C executable cmTC_832eb
/usr/bin/cmake -E cmake_link_script CMakeFiles/cmTC_832eb.dir/link.txt --verbose=1
/usr/bin/cc       CMakeFiles/cmTC_832eb.dir/CheckSymbolExists.c.o  -o cmTC_832eb -rdynamic 
CMakeFiles/cmTC_832eb.dir/CheckSymbolExists.c.o: In function `main':
CheckSymbolExists.c:(.text+0x14): undefined reference to `pthread_create'
CheckSymbolExists.c:(.text+0x18): undefined reference to `pthread_create'
collect2: error: ld returned 1 exit status
CMakeFiles/cmTC_832eb.dir/build.make:97: recipe for target 'cmTC_832eb' failed
make[1]: *** [cmTC_832eb] Error 1
make[1]: Leaving directory '/home/ubuntu/Workspace/catkin_ws/build/CMakeFiles/CMakeTmp'
Makefile:126: recipe for target 'cmTC_832eb/fast' failed
make: *** [cmTC_832eb/fast] Error 2

File /home/ubuntu/Workspace/catkin_ws/build/CMakeFiles/CMakeTmp/CheckSymbolExists.c:
/* */
#include <pthread.h>

int main(int argc, char** argv)
{
  (void)argv;
#ifndef pthread_create
  return ((int*)(&pthread_create))[argc];
#else
  (void)argc;
  return 0;
#endif
}

Determining if the function pthread_create exists in the pthreads failed with the following output:
Change Dir: /home/ubuntu/Workspace/catkin_ws/build/CMakeFiles/CMakeTmp

Run Build Command:"/usr/bin/make" "cmTC_f8dbc/fast"
/usr/bin/make -f CMakeFiles/cmTC_f8dbc.dir/build.make CMakeFiles/cmTC_f8dbc.dir/build
make[1]: Entering directory '/home/ubuntu/Workspace/catkin_ws/build/CMakeFiles/CMakeTmp'
Building C object CMakeFiles/cmTC_f8dbc.dir/CheckFunctionExists.c.o
/usr/bin/cc    -DCHECK_FUNCTION_EXISTS=pthread_create   -o CMakeFiles/cmTC_f8dbc.dir/CheckFunctionExists.c.o   -c /usr/share/cmake-3.5/Modules/CheckFunctionExists.c
Linking C executable cmTC_f8dbc
/usr/bin/cmake -E cmake_link_script CMakeFiles/cmTC_f8dbc.dir/link.txt --verbose=1
/usr/bin/cc   -DCHECK_FUNCTION_EXISTS=pthread_create    CMakeFiles/cmTC_f8dbc.dir/CheckFunctionExists.c.o  -o cmTC_f8dbc -rdynamic -lpthreads 
/usr/bin/ld: cannot find -lpthreads
collect2: error: ld returned 1 exit status
CMakeFiles/cmTC_f8dbc.dir/build.make:97: recipe for target 'cmTC_f8dbc' failed
make[1]: *** [cmTC_f8dbc] Error 1
make[1]: Leaving directory '/home/ubuntu/Workspace/catkin_ws/build/CMakeFiles/CMakeTmp'
Makefile:126: recipe for target 'cmTC_f8dbc/fast' failed
make: *** [cmTC_f8dbc/fast] Error 2


